<?xml version="1.0" encoding="UTF-8"?>
<!-- Generated by org.testng.reporters.JUnitReportReporter -->
<testsuite hostname="DESKTOP-GPMUPMF" failures="0" tests="3" name="com.qt.framework.TestNGDataProviders" time="0.003" errors="0" timestamp="2023-05-25T11:56:37 EDT" skipped="0">
  <testcase classname="com.qt.framework.TestNGDataProviders" name="newtest" time="0.000"/>
  <system-out/>
  <testcase classname="com.qt.framework.TestNGDataProviders" name="newtest" time="0.000"/>
  <system-out/>
  <testcase classname="com.qt.framework.TestNGDataProviders" name="newtest" time="0.003"/>
  <system-out/>
</testsuite> <!-- com.qt.framework.TestNGDataProviders -->
