<?xml version="1.0" encoding="UTF-8"?>
<!-- Generated by org.testng.reporters.JUnitReportReporter -->
<testsuite hostname="DESKTOP-GPMUPMF" failures="0" tests="2" name="com.qt.stepdefinitios.TestCases" time="4.196" errors="0" timestamp="2023-05-24T12:05:03 EDT" skipped="0">
  <testcase classname="com.qt.stepdefinitios.TestCases" name="CreateAccount" time="1.737"/>
  <system-out/>
  <testcase classname="com.qt.stepdefinitios.TestCases" name="CreateAccount1" time="2.459"/>
  <system-out/>
</testsuite> <!-- com.qt.stepdefinitios.TestCases -->
