<?xml version="1.0" encoding="UTF-8"?>
<!-- Generated by org.testng.reporters.JUnitReportReporter -->
<testsuite hostname="LAPTOP-GF078N6N" failures="0" tests="1" name="com.qt.stepdefinitios.TestNGAnnotation" time="0.001" errors="0" timestamp="2023-05-10T12:32:18 IST" skipped="0">
  <testcase classname="com.qt.stepdefinitios.TestNGAnnotation" name="afterSuite" time="0.001"/>
  <system-out/>
</testsuite> <!-- com.qt.stepdefinitios.TestNGAnnotation -->
