<?xml version="1.0" encoding="UTF-8"?>
<!-- Generated by org.testng.reporters.JUnitReportReporter -->
<testsuite hostname="LAPTOP-GF078N6N" failures="0" tests="2" name="com.qt.stepdefinitios.TestNGClass2" time="19.829" errors="0" timestamp="2023-05-06T12:43:23 IST" skipped="0">
  <testcase classname="com.qt.stepdefinitios.TestNGClass2" name="clickOnCreateAccount2" time="9.763"/>
  <system-out/>
  <testcase classname="com.qt.stepdefinitios.TestNGClass2" name="clickOnCreateAccount" time="10.066"/>
  <system-out/>
</testsuite> <!-- com.qt.stepdefinitios.TestNGClass2 -->
